<?xml version="1.0" encoding="UTF-8"?>
<!-- Generated by org.testng.reporters.JUnitReportReporter -->
<testsuite hostname="LAPTOP-178S0KEF" failures="1" tests="20" name="com.tcs.scripts.TCAgent" time="155.363" errors="0" timestamp="2022-04-30T20:25:26 GST" skipped="0">
  <testcase classname="com.tcs.scripts.TCAgent" name="verifyAgentLink" time="4.373"/>
  <system-out/>
  <testcase classname="com.tcs.scripts.TCAgent" name="verifyAgentInvalidLogin1" time="4.320"/>
  <system-out/>
  <testcase classname="com.tcs.scripts.TCAgent" name="verifyAgentInvalidLogin2" time="9.672"/>
  <system-out/>
  <testcase classname="com.tcs.scripts.TCAgent" name="verifyAgentInvalidLogin3" time="2.527"/>
  <system-out/>
  <testcase classname="com.tcs.scripts.TCAgent" name="verifyAgentInvalidLogin4" time="5.643"/>
  <system-out/>
  <testcase classname="com.tcs.scripts.TCAgent" name="verifyAgentInvalidLogin5" time="2.385"/>
  <system-out/>
  <testcase classname="com.tcs.scripts.TCAgent" name="verifyAgentInvalidLogin6" time="6.707"/>
  <system-out/>
  <testcase classname="com.tcs.scripts.TCAgent" name="verifyAFValidLogin" time="7.898"/>
  <system-out/>
  <testcase classname="com.tcs.scripts.TCAgent" name="verifyagMyBookings" time="7.761"/>
  <system-out/>
  <testcase classname="com.tcs.scripts.TCAgent" name="verifyagAddFunds" time="8.218"/>
  <system-out/>
  <testcase classname="com.tcs.scripts.TCAgent" name="verifyagMyProfile" time="8.076"/>
  <system-out/>
  <testcase classname="com.tcs.scripts.TCAgent" name="verifyaghome" time="9.136"/>
  <system-out/>
  <testcase classname="com.tcs.scripts.TCAgent" name="verifyaghotels" time="14.085">
    <failure message="expected [https://www.phptravels.net/hotels/en/usd/dubai/03-05-2022/04-05-2022/1/2/0/US] but found [https://www.phptravels.net/hotels/en/usd/dubai/02-05-2022/03-05-2022/1/2/0/US]" type="java.lang.AssertionError">
      <![CDATA[java.lang.AssertionError: expected [https://www.phptravels.net/hotels/en/usd/dubai/03-05-2022/04-05-2022/1/2/0/US] but found [https://www.phptravels.net/hotels/en/usd/dubai/02-05-2022/03-05-2022/1/2/0/US]
at org.testng.Assert.fail(Assert.java:99)
at org.testng.Assert.failNotEquals(Assert.java:1037)
at org.testng.Assert.assertEqualsImpl(Assert.java:140)
at org.testng.Assert.assertEquals(Assert.java:122)
at org.testng.Assert.assertEquals(Assert.java:629)
at org.testng.Assert.assertEquals(Assert.java:639)
at com.tcs.scripts.TCAgent.verifyaghotels(TCAgent.java:313)
at java.base/jdk.internal.reflect.NativeMethodAccessorImpl.invoke0(Native Method)
at java.base/jdk.internal.reflect.NativeMethodAccessorImpl.invoke(NativeMethodAccessorImpl.java:77)
at java.base/jdk.internal.reflect.DelegatingMethodAccessorImpl.invoke(DelegatingMethodAccessorImpl.java:43)
at java.base/java.lang.reflect.Method.invoke(Method.java:568)
at org.testng.internal.MethodInvocationHelper.invokeMethod(MethodInvocationHelper.java:133)
at org.testng.internal.TestInvoker.invokeMethod(TestInvoker.java:598)
at org.testng.internal.TestInvoker.invokeTestMethod(TestInvoker.java:173)
at org.testng.internal.MethodRunner.runInSequence(MethodRunner.java:46)
at org.testng.internal.TestInvoker$MethodInvocationAgent.invoke(TestInvoker.java:824)
at org.testng.internal.TestInvoker.invokeTestMethods(TestInvoker.java:146)
at org.testng.internal.TestMethodWorker.invokeTestMethods(TestMethodWorker.java:146)
at org.testng.internal.TestMethodWorker.run(TestMethodWorker.java:128)
at java.base/java.util.ArrayList.forEach(ArrayList.java:1511)
at org.testng.TestRunner.privateRun(TestRunner.java:794)
at org.testng.TestRunner.run(TestRunner.java:596)
at org.testng.SuiteRunner.runTest(SuiteRunner.java:377)
at org.testng.SuiteRunner.runSequentially(SuiteRunner.java:371)
at org.testng.SuiteRunner.privateRun(SuiteRunner.java:332)
at org.testng.SuiteRunner.run(SuiteRunner.java:276)
at org.testng.SuiteRunnerWorker.runSuite(SuiteRunnerWorker.java:53)
at org.testng.SuiteRunnerWorker.run(SuiteRunnerWorker.java:96)
at org.testng.TestNG.runSuitesSequentially(TestNG.java:1212)
at org.testng.TestNG.runSuitesLocally(TestNG.java:1134)
at org.testng.TestNG.runSuites(TestNG.java:1063)
at org.testng.TestNG.run(TestNG.java:1031)
at org.testng.remote.AbstractRemoteTestNG.run(AbstractRemoteTestNG.java:115)
at org.testng.remote.RemoteTestNG.initAndRun(RemoteTestNG.java:251)
at org.testng.remote.RemoteTestNG.main(RemoteTestNG.java:77)
]]>
    </failure>
  </testcase> <!-- verifyaghotels -->
  <system-out/>
  <testcase classname="com.tcs.scripts.TCAgent" name="verifyagFlights" time="8.523"/>
  <system-out/>
  <testcase classname="com.tcs.scripts.TCAgent" name="verifyagTours" time="8.468"/>
  <system-out/>
  <testcase classname="com.tcs.scripts.TCAgent" name="verifyagVisa" time="15.157"/>
  <system-out/>
  <testcase classname="com.tcs.scripts.TCAgent" name="verifyagBlogs" time="9.255"/>
  <system-out/>
  <testcase classname="com.tcs.scripts.TCAgent" name="verifyagOffers" time="5.141"/>
  <system-out/>
  <testcase classname="com.tcs.scripts.TCAgent" name="verifyagCurrencyConversion" time="8.425"/>
  <system-out/>
  <testcase classname="com.tcs.scripts.TCAgent" name="verifyagLogout" time="9.593"/>
  <system-out/>
</testsuite> <!-- com.tcs.scripts.TCAgent -->
