<?xml version="1.0" encoding="UTF-8"?>
<!-- Generated by org.testng.reporters.JUnitReportReporter -->
<testsuite hostname="LAPTOP-178S0KEF" failures="0" tests="13" name="com.tcs.scripts.TCAdmin" time="122.043" errors="0" timestamp="2022-05-01T21:37:55 GST" skipped="0">
  <testcase classname="com.tcs.scripts.TCAdmin" name="verifyAdminLink" time="7.199"/>
  <system-out/>
  <testcase classname="com.tcs.scripts.TCAdmin" name="verifyAgentInvalidLogin1" time="8.393"/>
  <system-out/>
  <testcase classname="com.tcs.scripts.TCAdmin" name="verifyADInvalidLogin2" time="5.513"/>
  <system-out/>
  <testcase classname="com.tcs.scripts.TCAdmin" name="verifyADInvalidLogin3" time="5.460"/>
  <system-out/>
  <testcase classname="com.tcs.scripts.TCAdmin" name="verifyAdInvalidLogin4" time="4.627"/>
  <system-out/>
  <testcase classname="com.tcs.scripts.TCAdmin" name="verifyInvalidLogin5" time="4.432"/>
  <system-out/>
  <testcase classname="com.tcs.scripts.TCAdmin" name="verifyInvalidLogin6" time="4.559"/>
  <system-out/>
  <testcase classname="com.tcs.scripts.TCAdmin" name="verifyADValidLogin" time="8.601"/>
  <system-out/>
  <testcase classname="com.tcs.scripts.TCAdmin" name="verifyADWebsite" time="17.309"/>
  <system-out/>
  <testcase classname="com.tcs.scripts.TCAdmin" name="verifyADBookings" time="7.524"/>
  <system-out/>
  <testcase classname="com.tcs.scripts.TCAdmin" name="verifyADPendToConf" time="15.288"/>
  <system-out/>
  <testcase classname="com.tcs.scripts.TCAdmin" name="verifyInvoice" time="23.768"/>
  <system-out/>
  <testcase classname="com.tcs.scripts.TCAdmin" name="verifyADDeleteBooking" time="9.370"/>
  <system-out/>
</testsuite> <!-- com.tcs.scripts.TCAdmin -->
